0 info it worked if it ends with ok
1 verbose cli [ '/home/tav0/Programas/node/bin/node',
1 verbose cli   '/home/tav0/Programas/node/bin/npm',
1 verbose cli   'run',
1 verbose cli   'build' ]
2 info using npm@2.14.20
3 info using node@v4.4.0
4 verbose run-script [ 'prebuild', 'build', 'postbuild' ]
5 info prebuild triangular@2.5.0
6 info build triangular@2.5.0
7 verbose unsafe-perm in lifecycle true
8 info triangular@2.5.0 Failed to exec build script
9 verbose stack Error: triangular@2.5.0 build: `gulp electron`
9 verbose stack Exit status 1
9 verbose stack     at EventEmitter.<anonymous> (/home/tav0/Programas/node/lib/node_modules/npm/lib/utils/lifecycle.js:214:16)
9 verbose stack     at emitTwo (events.js:87:13)
9 verbose stack     at EventEmitter.emit (events.js:172:7)
9 verbose stack     at ChildProcess.<anonymous> (/home/tav0/Programas/node/lib/node_modules/npm/lib/utils/spawn.js:24:14)
9 verbose stack     at emitTwo (events.js:87:13)
9 verbose stack     at ChildProcess.emit (events.js:172:7)
9 verbose stack     at maybeClose (internal/child_process.js:827:16)
9 verbose stack     at Process.ChildProcess._handle.onexit (internal/child_process.js:211:5)
10 verbose pkgid triangular@2.5.0
11 verbose cwd /home/tav0/Projects/arriendos
12 error Linux 4.2.0-34-generic
13 error argv "/home/tav0/Programas/node/bin/node" "/home/tav0/Programas/node/bin/npm" "run" "build"
14 error node v4.4.0
15 error npm  v2.14.20
16 error code ELIFECYCLE
17 error triangular@2.5.0 build: `gulp electron`
17 error Exit status 1
18 error Failed at the triangular@2.5.0 build script 'gulp electron'.
18 error This is most likely a problem with the triangular package,
18 error not with npm itself.
18 error Tell the author that this fails on your system:
18 error     gulp electron
18 error You can get information on how to open an issue for this project with:
18 error     npm bugs triangular
18 error Or if that isn't available, you can get their info via:
18 error
18 error     npm owner ls triangular
18 error There is likely additional logging output above.
19 verbose exit [ 1, true ]
